<?xml version="1.0" encoding="UTF-8"?>
<coverage generated="1585029550114" clover="3.2.0">
  <project timestamp="1585029550115" name="All files">
    <metrics statements="109" coveredstatements="96" conditionals="60" coveredconditionals="24" methods="42" coveredmethods="21" elements="211" coveredelements="141" complexity="0" loc="109" ncloc="109" packages="9" files="14" classes="14"/>
    <package name="CommonConfig">
      <metrics statements="21" coveredstatements="21" conditionals="4" coveredconditionals="2" methods="6" coveredmethods="5"/>
      <file name="AppStyle.js" path="/Volumes/DATA/workingProjects/Demo/RNunittesting/src/CommonConfig/AppStyle.js">
        <metrics statements="3" coveredstatements="3" conditionals="0" coveredconditionals="0" methods="0" coveredmethods="0"/>
        <line num="1" count="3" type="stmt"/>
        <line num="3" count="3" type="stmt"/>
        <line num="22" count="3" type="stmt"/>
      </file>
      <file name="Colors.js" path="/Volumes/DATA/workingProjects/Demo/RNunittesting/src/CommonConfig/Colors.js">
        <metrics statements="2" coveredstatements="2" conditionals="0" coveredconditionals="0" methods="0" coveredmethods="0"/>
        <line num="1" count="3" type="stmt"/>
        <line num="31" count="3" type="stmt"/>
      </file>
      <file name="ImagePath.js" path="/Volumes/DATA/workingProjects/Demo/RNunittesting/src/CommonConfig/ImagePath.js">
        <metrics statements="2" coveredstatements="2" conditionals="0" coveredconditionals="0" methods="0" coveredmethods="0"/>
        <line num="1" count="3" type="stmt"/>
        <line num="11" count="3" type="stmt"/>
      </file>
      <file name="Matrics.js" path="/Volumes/DATA/workingProjects/Demo/RNunittesting/src/CommonConfig/Matrics.js">
        <metrics statements="8" coveredstatements="8" conditionals="4" coveredconditionals="2" methods="2" coveredmethods="2"/>
        <line num="1" count="3" type="stmt"/>
        <line num="2" count="3" type="stmt"/>
        <line num="4" count="3" type="stmt"/>
        <line num="6" count="3" type="cond" truecount="1" falsecount="1"/>
        <line num="7" count="3" type="cond" truecount="1" falsecount="1"/>
        <line num="9" count="3" type="stmt"/>
        <line num="10" count="33" type="stmt"/>
        <line num="13" count="3" type="stmt"/>
      </file>
      <file name="index.js" path="/Volumes/DATA/workingProjects/Demo/RNunittesting/src/CommonConfig/index.js">
        <metrics statements="6" coveredstatements="6" conditionals="0" coveredconditionals="0" methods="4" coveredmethods="3"/>
        <line num="1" count="33" type="stmt"/>
        <line num="2" count="3" type="stmt"/>
        <line num="3" count="3" type="stmt"/>
        <line num="4" count="3" type="stmt"/>
        <line num="6" count="3" type="stmt"/>
        <line num="9" count="3" type="stmt"/>
      </file>
    </package>
    <package name="CommonConfig.Helpers">
      <metrics statements="14" coveredstatements="14" conditionals="13" coveredconditionals="8" methods="2" coveredmethods="2"/>
      <file name="functions.js" path="/Volumes/DATA/workingProjects/Demo/RNunittesting/src/CommonConfig/Helpers/functions.js">
        <metrics statements="14" coveredstatements="14" conditionals="13" coveredconditionals="8" methods="2" coveredmethods="2"/>
        <line num="1" count="3" type="stmt"/>
        <line num="5" count="3" type="stmt"/>
        <line num="8" count="3" type="stmt"/>
        <line num="11" count="3" type="stmt"/>
        <line num="20" count="3" type="cond" truecount="1" falsecount="1"/>
        <line num="23" count="3" type="stmt"/>
        <line num="24" count="3" type="stmt"/>
        <line num="26" count="3" type="stmt"/>
        <line num="27" count="3" type="stmt"/>
        <line num="28" count="3" type="cond" truecount="4" falsecount="1"/>
        <line num="33" count="33" type="stmt"/>
        <line num="34" count="3" type="stmt"/>
        <line num="37" count="3" type="stmt"/>
        <line num="40" count="3" type="stmt"/>
      </file>
    </package>
    <package name="Components">
      <metrics statements="7" coveredstatements="7" conditionals="2" coveredconditionals="2" methods="1" coveredmethods="1"/>
      <file name="Button.js" path="/Volumes/DATA/workingProjects/Demo/RNunittesting/src/Components/Button.js">
        <metrics statements="7" coveredstatements="7" conditionals="2" coveredconditionals="2" methods="1" coveredmethods="1"/>
        <line num="1" count="2" type="stmt"/>
        <line num="2" count="2" type="stmt"/>
        <line num="4" count="2" type="stmt"/>
        <line num="6" count="10" type="stmt"/>
        <line num="8" count="10" type="stmt"/>
        <line num="15" count="2" type="stmt"/>
        <line num="36" count="2" type="stmt"/>
      </file>
    </package>
    <package name="Components.Item">
      <metrics statements="7" coveredstatements="7" conditionals="4" coveredconditionals="2" methods="1" coveredmethods="1"/>
      <file name="ItemPost.js" path="/Volumes/DATA/workingProjects/Demo/RNunittesting/src/Components/Item/ItemPost.js">
        <metrics statements="7" coveredstatements="7" conditionals="4" coveredconditionals="2" methods="1" coveredmethods="1"/>
        <line num="1" count="1" type="stmt"/>
        <line num="2" count="1" type="stmt"/>
        <line num="4" count="1" type="stmt"/>
        <line num="6" count="2" type="stmt"/>
        <line num="7" count="2" type="stmt"/>
        <line num="13" count="1" type="stmt"/>
        <line num="35" count="1" type="stmt"/>
      </file>
    </package>
    <package name="Redux">
      <metrics statements="9" coveredstatements="9" conditionals="0" coveredconditionals="0" methods="0" coveredmethods="0"/>
      <file name="Types.js" path="/Volumes/DATA/workingProjects/Demo/RNunittesting/src/Redux/Types.js">
        <metrics statements="9" coveredstatements="9" conditionals="0" coveredconditionals="0" methods="0" coveredmethods="0"/>
        <line num="1" count="2" type="stmt"/>
        <line num="2" count="2" type="stmt"/>
        <line num="3" count="2" type="stmt"/>
        <line num="5" count="2" type="stmt"/>
        <line num="6" count="2" type="stmt"/>
        <line num="7" count="2" type="stmt"/>
        <line num="9" count="2" type="stmt"/>
        <line num="10" count="2" type="stmt"/>
        <line num="11" count="2" type="stmt"/>
      </file>
    </package>
    <package name="Redux.Actions">
      <metrics statements="14" coveredstatements="14" conditionals="4" coveredconditionals="3" methods="5" coveredmethods="5"/>
      <file name="MainAction.js" path="/Volumes/DATA/workingProjects/Demo/RNunittesting/src/Redux/Actions/MainAction.js">
        <metrics statements="13" coveredstatements="13" conditionals="0" coveredconditionals="0" methods="3" coveredmethods="3"/>
        <line num="1" count="1" type="stmt"/>
        <line num="7" count="1" type="stmt"/>
        <line num="8" count="1" type="stmt"/>
        <line num="9" count="1" type="stmt"/>
        <line num="13" count="1" type="stmt"/>
        <line num="15" count="1" type="stmt"/>
        <line num="16" count="1" type="stmt"/>
        <line num="17" count="1" type="stmt"/>
        <line num="21" count="1" type="stmt"/>
        <line num="23" count="1" type="stmt"/>
        <line num="24" count="1" type="stmt"/>
        <line num="25" count="1" type="stmt"/>
        <line num="29" count="1" type="stmt"/>
      </file>
      <file name="index.js" path="/Volumes/DATA/workingProjects/Demo/RNunittesting/src/Redux/Actions/index.js">
        <metrics statements="1" coveredstatements="1" conditionals="4" coveredconditionals="3" methods="2" coveredmethods="2"/>
        <line num="1" count="3" type="cond" truecount="3" falsecount="1"/>
      </file>
    </package>
    <package name="Redux.Sagas">
      <metrics statements="8" coveredstatements="5" conditionals="24" coveredconditionals="7" methods="9" coveredmethods="3"/>
      <file name="MainSaga.js" path="/Volumes/DATA/workingProjects/Demo/RNunittesting/src/Redux/Sagas/MainSaga.js">
        <metrics statements="8" coveredstatements="5" conditionals="24" coveredconditionals="7" methods="9" coveredmethods="3"/>
        <line num="1" count="1" type="stmt"/>
        <line num="2" count="1" type="stmt"/>
        <line num="4" count="1" type="stmt"/>
        <line num="66" count="9" type="cond" truecount="7" falsecount="17"/>
        <line num="67" count="0" type="stmt"/>
        <line num="68" count="0" type="stmt"/>
        <line num="69" count="0" type="stmt"/>
        <line num="72" count="1" type="stmt"/>
      </file>
    </package>
    <package name="Screen">
      <metrics statements="18" coveredstatements="16" conditionals="0" coveredconditionals="0" methods="6" coveredmethods="4"/>
      <file name="Welcome.js" path="/Volumes/DATA/workingProjects/Demo/RNunittesting/src/Screen/Welcome.js">
        <metrics statements="18" coveredstatements="16" conditionals="0" coveredconditionals="0" methods="6" coveredmethods="4"/>
        <line num="1" count="1" type="stmt"/>
        <line num="2" count="1" type="stmt"/>
        <line num="3" count="1" type="stmt"/>
        <line num="6" count="1" type="stmt"/>
        <line num="7" count="1" type="stmt"/>
        <line num="10" count="1" type="stmt"/>
        <line num="11" count="1" type="stmt"/>
        <line num="12" count="1" type="stmt"/>
        <line num="17" count="1" type="stmt"/>
        <line num="22" count="1" type="stmt"/>
        <line num="23" count="1" type="stmt"/>
        <line num="27" count="2" type="stmt"/>
        <line num="28" count="2" type="stmt"/>
        <line num="30" count="0" type="stmt"/>
        <line num="41" count="0" type="stmt"/>
        <line num="46" count="1" type="stmt"/>
        <line num="49" count="1" type="stmt"/>
        <line num="53" count="1" type="stmt"/>
      </file>
    </package>
    <package name="Services">
      <metrics statements="11" coveredstatements="3" conditionals="9" coveredconditionals="0" methods="12" coveredmethods="0"/>
      <file name="Api.js" path="/Volumes/DATA/workingProjects/Demo/RNunittesting/src/Services/Api.js">
        <metrics statements="11" coveredstatements="3" conditionals="9" coveredconditionals="0" methods="12" coveredmethods="0"/>
        <line num="1" count="1" type="stmt"/>
        <line num="3" count="1" type="stmt"/>
        <line num="4" count="0" type="cond" truecount="0" falsecount="3"/>
        <line num="8" count="0" type="stmt"/>
        <line num="9" count="0" type="stmt"/>
        <line num="12" count="0" type="cond" truecount="0" falsecount="3"/>
        <line num="16" count="0" type="stmt"/>
        <line num="17" count="0" type="stmt"/>
        <line num="20" count="0" type="cond" truecount="0" falsecount="3"/>
        <line num="24" count="0" type="stmt"/>
        <line num="25" count="1" type="stmt"/>
      </file>
    </package>
  </project>
</coverage>
