{"/Volumes/DATA/workingProjects/Demo/RNunittesting/src/CommonConfig/AppStyle.js": {"path":"/Volumes/DATA/workingProjects/Demo/RNunittesting/src/CommonConfig/AppStyle.js","statementMap":{"0":{"start":{"line":1,"column":13},"end":{"line":1,"column":75}},"1":{"start":{"line":1,"column":75},"end":{"line":1,"column":100}},"2":{"start":{"line":1,"column":108},"end":{"line":1,"column":120}},"3":{"start":{"line":3,"column":15},"end":{"line":18,"column":47}},"4":{"start":{"line":22,"column":0},"end":{"line":22,"column":8}},"5":{"start":{"line":22,"column":9},"end":{"line":22,"column":36}}},"fnMap":{},"branchMap":{},"s":{"0":3,"1":3,"2":3,"3":3,"4":3,"5":3},"f":{},"b":{},"_coverageSchema":"1a1c01bbd47fc00a2c39e90264f33305004495a9","hash":"df56f37de0adbca2d4baa072bf01ad939aa9df3e"}
,"/Volumes/DATA/workingProjects/Demo/RNunittesting/src/CommonConfig/Colors.js": {"path":"/Volumes/DATA/workingProjects/Demo/RNunittesting/src/CommonConfig/Colors.js","statementMap":{"0":{"start":{"line":1,"column":13},"end":{"line":1,"column":75}},"1":{"start":{"line":1,"column":75},"end":{"line":1,"column":100}},"2":{"start":{"line":1,"column":113},"end":{"line":28,"column":45}},"3":{"start":{"line":31,"column":0},"end":{"line":31,"column":6}},"4":{"start":{"line":31,"column":7},"end":{"line":31,"column":34}}},"fnMap":{},"branchMap":{},"s":{"0":3,"1":3,"2":3,"3":3,"4":3},"f":{},"b":{},"_coverageSchema":"1a1c01bbd47fc00a2c39e90264f33305004495a9","hash":"87683cd9c9b21265e5804c279732d4e281b57ea0"}
,"/Volumes/DATA/workingProjects/Demo/RNunittesting/src/CommonConfig/ImagePath.js": {"path":"/Volumes/DATA/workingProjects/Demo/RNunittesting/src/CommonConfig/ImagePath.js","statementMap":{"0":{"start":{"line":1,"column":13},"end":{"line":1,"column":75}},"1":{"start":{"line":1,"column":75},"end":{"line":1,"column":100}},"2":{"start":{"line":1,"column":116},"end":{"line":8,"column":51}},"3":{"start":{"line":11,"column":0},"end":{"line":11,"column":9}},"4":{"start":{"line":11,"column":10},"end":{"line":11,"column":37}}},"fnMap":{},"branchMap":{},"s":{"0":3,"1":3,"2":3,"3":3,"4":3},"f":{},"b":{},"_coverageSchema":"1a1c01bbd47fc00a2c39e90264f33305004495a9","hash":"04078e6ecb09249269401b2a1fd40468a6002587"}
,"/Volumes/DATA/workingProjects/Demo/RNunittesting/src/CommonConfig/Matrics.js": {"path":"/Volumes/DATA/workingProjects/Demo/RNunittesting/src/CommonConfig/Matrics.js","statementMap":{"0":{"start":{"line":1,"column":13},"end":{"line":1,"column":75}},"1":{"start":{"line":1,"column":75},"end":{"line":1,"column":205}},"2":{"start":{"line":1,"column":166},"end":{"line":1,"column":200}},"3":{"start":{"line":1,"column":205},"end":{"line":1,"column":275}},"4":{"start":{"line":1,"column":294},"end":{"line":1,"column":317}},"5":{"start":{"line":2,"column":17},"end":{"line":2,"column":47}},"6":{"start":{"line":4,"column":0},"end":{"line":4,"column":37}},"7":{"start":{"line":4,"column":46},"end":{"line":4,"column":67}},"8":{"start":{"line":4,"column":77},"end":{"line":4,"column":99}},"9":{"start":{"line":6,"column":19},"end":{"line":6,"column":50}},"10":{"start":{"line":6,"column":51},"end":{"line":6,"column":87}},"11":{"start":{"line":7,"column":18},"end":{"line":7,"column":49}},"12":{"start":{"line":7,"column":50},"end":{"line":7,"column":84}},"13":{"start":{"line":9,"column":12},"end":{"line":11,"column":1}},"14":{"start":{"line":10,"column":2},"end":{"line":10,"column":36}},"15":{"start":{"line":13,"column":0},"end":{"line":13,"column":5}},"16":{"start":{"line":13,"column":6},"end":{"line":13,"column":33}}},"fnMap":{"0":{"name":"get","decl":{"start":{"line":1,"column":159},"end":{"line":1,"column":162}},"loc":{"start":{"line":1,"column":165},"end":{"line":1,"column":201}},"line":1},"1":{"name":"Scale","decl":{"start":{"line":9,"column":21},"end":{"line":9,"column":26}},"loc":{"start":{"line":9,"column":32},"end":{"line":11,"column":1}},"line":9}},"branchMap":{"0":{"loc":{"start":{"line":6,"column":19},"end":{"line":6,"column":50}},"type":"cond-expr","locations":[{"start":{"line":6,"column":36},"end":{"line":6,"column":42}},{"start":{"line":6,"column":45},"end":{"line":6,"column":50}}],"line":6},"1":{"loc":{"start":{"line":7,"column":18},"end":{"line":7,"column":49}},"type":"cond-expr","locations":[{"start":{"line":7,"column":35},"end":{"line":7,"column":40}},{"start":{"line":7,"column":43},"end":{"line":7,"column":49}}],"line":7}},"s":{"0":3,"1":3,"2":3,"3":3,"4":3,"5":3,"6":3,"7":3,"8":3,"9":3,"10":3,"11":3,"12":3,"13":3,"14":33,"15":3,"16":3},"f":{"0":3,"1":33},"b":{"0":[3,0],"1":[3,0]},"_coverageSchema":"1a1c01bbd47fc00a2c39e90264f33305004495a9","hash":"17d75a04606452e412d536005341be313b7d4155"}
,"/Volumes/DATA/workingProjects/Demo/RNunittesting/src/CommonConfig/index.js": {"path":"/Volumes/DATA/workingProjects/Demo/RNunittesting/src/CommonConfig/index.js","statementMap":{"0":{"start":{"line":1,"column":43},"end":{"line":1,"column":99}},"1":{"start":{"line":1,"column":129},"end":{"line":1,"column":184}},"2":{"start":{"line":1,"column":185},"end":{"line":1,"column":247}},"3":{"start":{"line":1,"column":247},"end":{"line":1,"column":357}},"4":{"start":{"line":1,"column":329},"end":{"line":1,"column":352}},"5":{"start":{"line":1,"column":357},"end":{"line":1,"column":467}},"6":{"start":{"line":1,"column":438},"end":{"line":1,"column":462}},"7":{"start":{"line":1,"column":467},"end":{"line":1,"column":580}},"8":{"start":{"line":1,"column":549},"end":{"line":1,"column":575}},"9":{"start":{"line":1,"column":580},"end":{"line":1,"column":694}},"10":{"start":{"line":1,"column":664},"end":{"line":1,"column":689}},"11":{"start":{"line":1,"column":694},"end":{"line":1,"column":719}},"12":{"start":{"line":1,"column":733},"end":{"line":1,"column":776}},"13":{"start":{"line":2,"column":15},"end":{"line":2,"column":60}},"14":{"start":{"line":3,"column":17},"end":{"line":3,"column":63}},"15":{"start":{"line":4,"column":16},"end":{"line":4,"column":61}},"16":{"start":{"line":6,"column":14},"end":{"line":9,"column":45}},"17":{"start":{"line":9,"column":46},"end":{"line":9,"column":72}}},"fnMap":{"0":{"name":"get","decl":{"start":{"line":1,"column":322},"end":{"line":1,"column":325}},"loc":{"start":{"line":1,"column":328},"end":{"line":1,"column":353}},"line":1},"1":{"name":"get","decl":{"start":{"line":1,"column":431},"end":{"line":1,"column":434}},"loc":{"start":{"line":1,"column":437},"end":{"line":1,"column":463}},"line":1},"2":{"name":"get","decl":{"start":{"line":1,"column":542},"end":{"line":1,"column":545}},"loc":{"start":{"line":1,"column":548},"end":{"line":1,"column":576}},"line":1},"3":{"name":"get","decl":{"start":{"line":1,"column":657},"end":{"line":1,"column":660}},"loc":{"start":{"line":1,"column":663},"end":{"line":1,"column":690}},"line":1}},"branchMap":{},"s":{"0":3,"1":3,"2":3,"3":3,"4":19,"5":3,"6":33,"7":3,"8":2,"9":3,"10":0,"11":3,"12":3,"13":3,"14":3,"15":3,"16":3,"17":3},"f":{"0":19,"1":33,"2":2,"3":0},"b":{},"_coverageSchema":"1a1c01bbd47fc00a2c39e90264f33305004495a9","hash":"b932b88fe9c98a89fe28f766adad36b0927b506e"}
,"/Volumes/DATA/workingProjects/Demo/RNunittesting/src/CommonConfig/Helpers/functions.js": {"path":"/Volumes/DATA/workingProjects/Demo/RNunittesting/src/CommonConfig/Helpers/functions.js","statementMap":{"0":{"start":{"line":1,"column":13},"end":{"line":1,"column":75}},"1":{"start":{"line":1,"column":75},"end":{"line":1,"column":142}},"2":{"start":{"line":1,"column":161},"end":{"line":1,"column":184}},"3":{"start":{"line":5,"column":13},"end":{"line":5,"column":50}},"4":{"start":{"line":8,"column":19},"end":{"line":8,"column":32}},"5":{"start":{"line":11,"column":18},"end":{"line":11,"column":30}},"6":{"start":{"line":20,"column":21},"end":{"line":20,"column":52}},"7":{"start":{"line":23,"column":14},"end":{"line":23,"column":17}},"8":{"start":{"line":24,"column":15},"end":{"line":24,"column":18}},"9":{"start":{"line":26,"column":18},"end":{"line":26,"column":21}},"10":{"start":{"line":27,"column":19},"end":{"line":27,"column":22}},"11":{"start":{"line":28,"column":16},"end":{"line":30,"column":9}},"12":{"start":{"line":28,"column":38},"end":{"line":30,"column":8}},"13":{"start":{"line":33,"column":12},"end":{"line":33,"column":93}},"14":{"start":{"line":33,"column":35},"end":{"line":33,"column":92}},"15":{"start":{"line":33,"column":94},"end":{"line":33,"column":116}},"16":{"start":{"line":34,"column":22},"end":{"line":37,"column":15}},"17":{"start":{"line":37,"column":16},"end":{"line":37,"column":58}},"18":{"start":{"line":40,"column":0},"end":{"line":40,"column":4}},"19":{"start":{"line":40,"column":5},"end":{"line":40,"column":32}}},"fnMap":{"0":{"name":"isIPhoneX","decl":{"start":{"line":28,"column":25},"end":{"line":28,"column":34}},"loc":{"start":{"line":28,"column":37},"end":{"line":30,"column":9}},"line":28},"1":{"name":"scale","decl":{"start":{"line":33,"column":21},"end":{"line":33,"column":26}},"loc":{"start":{"line":33,"column":34},"end":{"line":33,"column":93}},"line":33}},"branchMap":{"0":{"loc":{"start":{"line":20,"column":21},"end":{"line":20,"column":52}},"type":"cond-expr","locations":[{"start":{"line":20,"column":43},"end":{"line":20,"column":46}},{"start":{"line":20,"column":49},"end":{"line":20,"column":52}}],"line":20},"1":{"loc":{"start":{"line":28,"column":45},"end":{"line":30,"column":7}},"type":"cond-expr","locations":[{"start":{"line":29,"column":2},"end":{"line":29,"column":118}},{"start":{"line":30,"column":2},"end":{"line":30,"column":7}}],"line":28},"2":{"loc":{"start":{"line":28,"column":45},"end":{"line":28,"column":144}},"type":"binary-expr","locations":[{"start":{"line":28,"column":45},"end":{"line":28,"column":79}},{"start":{"line":28,"column":83},"end":{"line":28,"column":111}},{"start":{"line":28,"column":115},"end":{"line":28,"column":144}}],"line":28},"3":{"loc":{"start":{"line":29,"column":2},"end":{"line":29,"column":118}},"type":"binary-expr","locations":[{"start":{"line":29,"column":2},"end":{"line":29,"column":25}},{"start":{"line":29,"column":29},"end":{"line":29,"column":54}},{"start":{"line":29,"column":58},"end":{"line":29,"column":85}},{"start":{"line":29,"column":89},"end":{"line":29,"column":118}}],"line":29},"4":{"loc":{"start":{"line":35,"column":7},"end":{"line":35,"column":28}},"type":"cond-expr","locations":[{"start":{"line":35,"column":21},"end":{"line":35,"column":23}},{"start":{"line":35,"column":26},"end":{"line":35,"column":28}}],"line":35}},"s":{"0":3,"1":3,"2":3,"3":3,"4":3,"5":3,"6":3,"7":3,"8":3,"9":3,"10":3,"11":3,"12":3,"13":3,"14":33,"15":3,"16":3,"17":3,"18":3,"19":3},"f":{"0":3,"1":33},"b":{"0":[0,3],"1":[3,0],"2":[3,3,3],"3":[3,0,3,0],"4":[0,3]},"_coverageSchema":"1a1c01bbd47fc00a2c39e90264f33305004495a9","hash":"d182019cb7bc0a15604b0f74684382233cbef397"}
,"/Volumes/DATA/workingProjects/Demo/RNunittesting/src/Components/Button.js": {"path":"/Volumes/DATA/workingProjects/Demo/RNunittesting/src/Components/Button.js","statementMap":{"0":{"start":{"line":1,"column":42},"end":{"line":1,"column":97}},"1":{"start":{"line":1,"column":98},"end":{"line":1,"column":160}},"2":{"start":{"line":1,"column":160},"end":{"line":1,"column":185}},"3":{"start":{"line":1,"column":198},"end":{"line":1,"column":238}},"4":{"start":{"line":2,"column":19},"end":{"line":2,"column":42}},"5":{"start":{"line":4,"column":20},"end":{"line":4,"column":46}},"6":{"start":{"line":4,"column":66},"end":{"line":4,"column":141}},"7":{"start":{"line":6,"column":13},"end":{"line":13,"column":1}},"8":{"start":{"line":6,"column":48},"end":{"line":6,"column":58}},"9":{"start":{"line":6,"column":69},"end":{"line":6,"column":81}},"10":{"start":{"line":6,"column":96},"end":{"line":6,"column":112}},"11":{"start":{"line":8,"column":2},"end":{"line":10,"column":140}},"12":{"start":{"line":15,"column":13},"end":{"line":32,"column":47}},"13":{"start":{"line":36,"column":0},"end":{"line":36,"column":6}},"14":{"start":{"line":36,"column":7},"end":{"line":36,"column":34}}},"fnMap":{"0":{"name":"Button","decl":{"start":{"line":6,"column":22},"end":{"line":6,"column":28}},"loc":{"start":{"line":6,"column":35},"end":{"line":13,"column":1}},"line":6}},"branchMap":{"0":{"loc":{"start":{"line":9,"column":115},"end":{"line":9,"column":144}},"type":"cond-expr","locations":[{"start":{"line":9,"column":125},"end":{"line":9,"column":132}},{"start":{"line":9,"column":135},"end":{"line":9,"column":144}}],"line":9}},"s":{"0":2,"1":2,"2":2,"3":2,"4":2,"5":2,"6":2,"7":2,"8":10,"9":10,"10":10,"11":10,"12":2,"13":2,"14":2},"f":{"0":10},"b":{"0":[3,7]},"_coverageSchema":"1a1c01bbd47fc00a2c39e90264f33305004495a9","hash":"607724a7b76c94dda72619a5152f6c81262817d3"}
,"/Volumes/DATA/workingProjects/Demo/RNunittesting/src/Components/Item/ItemPost.js": {"path":"/Volumes/DATA/workingProjects/Demo/RNunittesting/src/Components/Item/ItemPost.js","statementMap":{"0":{"start":{"line":1,"column":42},"end":{"line":1,"column":97}},"1":{"start":{"line":1,"column":98},"end":{"line":1,"column":160}},"2":{"start":{"line":1,"column":160},"end":{"line":1,"column":185}},"3":{"start":{"line":1,"column":198},"end":{"line":1,"column":238}},"4":{"start":{"line":2,"column":19},"end":{"line":2,"column":42}},"5":{"start":{"line":4,"column":20},"end":{"line":4,"column":49}},"6":{"start":{"line":4,"column":69},"end":{"line":4,"column":151}},"7":{"start":{"line":6,"column":15},"end":{"line":11,"column":1}},"8":{"start":{"line":6,"column":51},"end":{"line":6,"column":60}},"9":{"start":{"line":6,"column":69},"end":{"line":6,"column":79}},"10":{"start":{"line":6,"column":90},"end":{"line":6,"column":102}},"11":{"start":{"line":7,"column":2},"end":{"line":9,"column":176}},"12":{"start":{"line":13,"column":13},"end":{"line":31,"column":46}},"13":{"start":{"line":35,"column":0},"end":{"line":35,"column":8}},"14":{"start":{"line":35,"column":9},"end":{"line":35,"column":36}}},"fnMap":{"0":{"name":"ItemPost","decl":{"start":{"line":6,"column":24},"end":{"line":6,"column":32}},"loc":{"start":{"line":6,"column":39},"end":{"line":11,"column":1}},"line":6}},"branchMap":{"0":{"loc":{"start":{"line":8,"column":146},"end":{"line":8,"column":175}},"type":"cond-expr","locations":[{"start":{"line":8,"column":153},"end":{"line":8,"column":163}},{"start":{"line":8,"column":166},"end":{"line":8,"column":175}}],"line":8},"1":{"loc":{"start":{"line":9,"column":145},"end":{"line":9,"column":173}},"type":"cond-expr","locations":[{"start":{"line":9,"column":152},"end":{"line":9,"column":161}},{"start":{"line":9,"column":164},"end":{"line":9,"column":173}}],"line":9}},"s":{"0":1,"1":1,"2":1,"3":1,"4":1,"5":1,"6":1,"7":1,"8":2,"9":2,"10":2,"11":2,"12":1,"13":1,"14":1},"f":{"0":2},"b":{"0":[0,2],"1":[0,2]},"_coverageSchema":"1a1c01bbd47fc00a2c39e90264f33305004495a9","hash":"ea392b2ed40e5041233453f2ccb70ca40eec917b"}
,"/Volumes/DATA/workingProjects/Demo/RNunittesting/src/Redux/Types.js": {"path":"/Volumes/DATA/workingProjects/Demo/RNunittesting/src/Redux/Types.js","statementMap":{"0":{"start":{"line":1,"column":13},"end":{"line":1,"column":75}},"1":{"start":{"line":1,"column":75},"end":{"line":1,"column":337}},"2":{"start":{"line":1,"column":361},"end":{"line":1,"column":380}},"3":{"start":{"line":1,"column":381},"end":{"line":1,"column":427}},"4":{"start":{"line":2,"column":24},"end":{"line":2,"column":43}},"5":{"start":{"line":2,"column":44},"end":{"line":2,"column":90}},"6":{"start":{"line":3,"column":23},"end":{"line":3,"column":41}},"7":{"start":{"line":3,"column":42},"end":{"line":3,"column":86}},"8":{"start":{"line":5,"column":25},"end":{"line":5,"column":45}},"9":{"start":{"line":5,"column":46},"end":{"line":5,"column":94}},"10":{"start":{"line":6,"column":25},"end":{"line":6,"column":45}},"11":{"start":{"line":6,"column":46},"end":{"line":6,"column":94}},"12":{"start":{"line":7,"column":24},"end":{"line":7,"column":43}},"13":{"start":{"line":7,"column":44},"end":{"line":7,"column":90}},"14":{"start":{"line":9,"column":25},"end":{"line":9,"column":45}},"15":{"start":{"line":9,"column":46},"end":{"line":9,"column":94}},"16":{"start":{"line":10,"column":25},"end":{"line":10,"column":45}},"17":{"start":{"line":10,"column":46},"end":{"line":10,"column":94}},"18":{"start":{"line":11,"column":24},"end":{"line":11,"column":43}},"19":{"start":{"line":11,"column":44},"end":{"line":11,"column":90}}},"fnMap":{},"branchMap":{},"s":{"0":2,"1":2,"2":2,"3":2,"4":2,"5":2,"6":2,"7":2,"8":2,"9":2,"10":2,"11":2,"12":2,"13":2,"14":2,"15":2,"16":2,"17":2,"18":2,"19":2},"f":{},"b":{},"_coverageSchema":"1a1c01bbd47fc00a2c39e90264f33305004495a9","hash":"e2dda71643b94d3a2ca3bf378accb7ee01412929"}
,"/Volumes/DATA/workingProjects/Demo/RNunittesting/src/Redux/Actions/MainAction.js": {"path":"/Volumes/DATA/workingProjects/Demo/RNunittesting/src/Redux/Actions/MainAction.js","statementMap":{"0":{"start":{"line":1,"column":13},"end":{"line":1,"column":75}},"1":{"start":{"line":1,"column":75},"end":{"line":1,"column":162}},"2":{"start":{"line":1,"column":175},"end":{"line":1,"column":194}},"3":{"start":{"line":7,"column":22},"end":{"line":13,"column":1}},"4":{"start":{"line":8,"column":2},"end":{"line":8,"column":78}},"5":{"start":{"line":9,"column":2},"end":{"line":11,"column":21}},"6":{"start":{"line":13,"column":2},"end":{"line":13,"column":44}},"7":{"start":{"line":15,"column":23},"end":{"line":21,"column":1}},"8":{"start":{"line":16,"column":2},"end":{"line":16,"column":78}},"9":{"start":{"line":17,"column":2},"end":{"line":19,"column":21}},"10":{"start":{"line":21,"column":2},"end":{"line":21,"column":46}},"11":{"start":{"line":23,"column":23},"end":{"line":29,"column":1}},"12":{"start":{"line":24,"column":2},"end":{"line":24,"column":78}},"13":{"start":{"line":25,"column":2},"end":{"line":27,"column":21}},"14":{"start":{"line":29,"column":2},"end":{"line":29,"column":46}}},"fnMap":{"0":{"name":"getPostsRequest","decl":{"start":{"line":7,"column":31},"end":{"line":7,"column":46}},"loc":{"start":{"line":7,"column":55},"end":{"line":13,"column":1}},"line":7},"1":{"name":"getAlbumsRequest","decl":{"start":{"line":15,"column":32},"end":{"line":15,"column":48}},"loc":{"start":{"line":15,"column":57},"end":{"line":21,"column":1}},"line":15},"2":{"name":"getPhotosRequest","decl":{"start":{"line":23,"column":32},"end":{"line":23,"column":48}},"loc":{"start":{"line":23,"column":57},"end":{"line":29,"column":1}},"line":23}},"branchMap":{},"s":{"0":1,"1":1,"2":1,"3":1,"4":1,"5":1,"6":1,"7":1,"8":1,"9":1,"10":1,"11":1,"12":1,"13":1,"14":1},"f":{"0":1,"1":1,"2":1},"b":{},"_coverageSchema":"1a1c01bbd47fc00a2c39e90264f33305004495a9","hash":"6166b55777460b3da7b52167f60827fc003f8135"}
,"/Volumes/DATA/workingProjects/Demo/RNunittesting/src/Redux/Actions/index.js": {"path":"/Volumes/DATA/workingProjects/Demo/RNunittesting/src/Redux/Actions/index.js","statementMap":{"0":{"start":{"line":1,"column":13},"end":{"line":1,"column":75}},"1":{"start":{"line":1,"column":93},"end":{"line":1,"column":116}},"2":{"start":{"line":1,"column":117},"end":{"line":1,"column":329}},"3":{"start":{"line":1,"column":166},"end":{"line":1,"column":220}},"4":{"start":{"line":1,"column":213},"end":{"line":1,"column":220}},"5":{"start":{"line":1,"column":220},"end":{"line":1,"column":326}},"6":{"start":{"line":1,"column":297},"end":{"line":1,"column":321}}},"fnMap":{"0":{"name":"(anonymous_0)","decl":{"start":{"line":1,"column":150},"end":{"line":1,"column":151}},"loc":{"start":{"line":1,"column":165},"end":{"line":1,"column":327}},"line":1},"1":{"name":"get","decl":{"start":{"line":1,"column":290},"end":{"line":1,"column":293}},"loc":{"start":{"line":1,"column":296},"end":{"line":1,"column":322}},"line":1}},"branchMap":{"0":{"loc":{"start":{"line":1,"column":166},"end":{"line":1,"column":220}},"type":"if","locations":[{"start":{"line":1,"column":166},"end":{"line":1,"column":220}},{"start":{"line":1,"column":166},"end":{"line":1,"column":220}}],"line":1},"1":{"loc":{"start":{"line":1,"column":170},"end":{"line":1,"column":211}},"type":"binary-expr","locations":[{"start":{"line":1,"column":170},"end":{"line":1,"column":187}},{"start":{"line":1,"column":191},"end":{"line":1,"column":211}}],"line":1}},"s":{"0":1,"1":1,"2":1,"3":3,"4":0,"5":3,"6":3},"f":{"0":3,"1":3},"b":{"0":[0,3],"1":[3,3]},"_coverageSchema":"1a1c01bbd47fc00a2c39e90264f33305004495a9","hash":"ec324c5dc05e30c4a8603a47a64987f733110820"}
,"/Volumes/DATA/workingProjects/Demo/RNunittesting/src/Redux/Sagas/MainSaga.js": {"path":"/Volumes/DATA/workingProjects/Demo/RNunittesting/src/Redux/Sagas/MainSaga.js","statementMap":{"0":{"start":{"line":1,"column":42},"end":{"line":1,"column":97}},"1":{"start":{"line":1,"column":98},"end":{"line":1,"column":160}},"2":{"start":{"line":1,"column":160},"end":{"line":1,"column":188}},"3":{"start":{"line":1,"column":188},"end":{"line":1,"column":303}},"4":{"start":{"line":1,"column":322},"end":{"line":1,"column":383}},"5":{"start":{"line":1,"column":399},"end":{"line":1,"column":428}},"6":{"start":{"line":2,"column":11},"end":{"line":2,"column":64}},"7":{"start":{"line":4,"column":13},"end":{"line":4,"column":32}},"8":{"start":{"line":4,"column":47},"end":{"line":66,"column":9}},"9":{"start":{"line":66,"column":25},"end":{"line":66,"column":65}},"10":{"start":{"line":66,"column":51},"end":{"line":66,"column":64}},"11":{"start":{"line":66,"column":66},"end":{"line":66,"column":94}},"12":{"start":{"line":66,"column":113},"end":{"line":66,"column":1134}},"13":{"start":{"line":66,"column":196},"end":{"line":66,"column":1132}},"14":{"start":{"line":66,"column":263},"end":{"line":66,"column":1098}},"15":{"start":{"line":66,"column":274},"end":{"line":66,"column":1097}},"16":{"start":{"line":66,"column":321},"end":{"line":66,"column":342}},"17":{"start":{"line":66,"column":342},"end":{"line":66,"column":360}},"18":{"start":{"line":66,"column":360},"end":{"line":66,"column":398}},"19":{"start":{"line":66,"column":405},"end":{"line":66,"column":427}},"20":{"start":{"line":66,"column":427},"end":{"line":66,"column":465}},"21":{"start":{"line":66,"column":465},"end":{"line":66,"column":483}},"22":{"start":{"line":66,"column":483},"end":{"line":66,"column":547}},"23":{"start":{"line":66,"column":547},"end":{"line":66,"column":565}},"24":{"start":{"line":66,"column":565},"end":{"line":66,"column":622}},"25":{"start":{"line":66,"column":629},"end":{"line":66,"column":654}},"26":{"start":{"line":66,"column":654},"end":{"line":66,"column":710}},"27":{"start":{"line":66,"column":710},"end":{"line":66,"column":729}},"28":{"start":{"line":66,"column":729},"end":{"line":66,"column":809}},"29":{"start":{"line":66,"column":817},"end":{"line":66,"column":836}},"30":{"start":{"line":66,"column":836},"end":{"line":66,"column":842}},"31":{"start":{"line":66,"column":850},"end":{"line":66,"column":869}},"32":{"start":{"line":66,"column":869},"end":{"line":66,"column":904}},"33":{"start":{"line":66,"column":904},"end":{"line":66,"column":953}},"34":{"start":{"line":66,"column":953},"end":{"line":66,"column":972}},"35":{"start":{"line":66,"column":972},"end":{"line":66,"column":1054}},"36":{"start":{"line":66,"column":1073},"end":{"line":66,"column":1096}},"37":{"start":{"line":66,"column":1135},"end":{"line":66,"column":1171}},"38":{"start":{"line":66,"column":1191},"end":{"line":66,"column":2103}},"39":{"start":{"line":66,"column":1269},"end":{"line":66,"column":2101}},"40":{"start":{"line":66,"column":1338},"end":{"line":66,"column":2066}},"41":{"start":{"line":66,"column":1349},"end":{"line":66,"column":2065}},"42":{"start":{"line":66,"column":1398},"end":{"line":66,"column":1420}},"43":{"start":{"line":66,"column":1420},"end":{"line":66,"column":1439}},"44":{"start":{"line":66,"column":1439},"end":{"line":66,"column":1503}},"45":{"start":{"line":66,"column":1503},"end":{"line":66,"column":1522}},"46":{"start":{"line":66,"column":1522},"end":{"line":66,"column":1580}},"47":{"start":{"line":66,"column":1587},"end":{"line":66,"column":1613}},"48":{"start":{"line":66,"column":1613},"end":{"line":66,"column":1669}},"49":{"start":{"line":66,"column":1669},"end":{"line":66,"column":1688}},"50":{"start":{"line":66,"column":1688},"end":{"line":66,"column":1769}},"51":{"start":{"line":66,"column":1776},"end":{"line":66,"column":1796}},"52":{"start":{"line":66,"column":1796},"end":{"line":66,"column":1802}},"53":{"start":{"line":66,"column":1810},"end":{"line":66,"column":1830}},"54":{"start":{"line":66,"column":1830},"end":{"line":66,"column":1867}},"55":{"start":{"line":66,"column":1867},"end":{"line":66,"column":1917}},"56":{"start":{"line":66,"column":1917},"end":{"line":66,"column":1937}},"57":{"start":{"line":66,"column":1937},"end":{"line":66,"column":2021}},"58":{"start":{"line":66,"column":2040},"end":{"line":66,"column":2064}},"59":{"start":{"line":66,"column":2104},"end":{"line":66,"column":2142}},"60":{"start":{"line":66,"column":2162},"end":{"line":66,"column":3074}},"61":{"start":{"line":66,"column":2240},"end":{"line":66,"column":3072}},"62":{"start":{"line":66,"column":2309},"end":{"line":66,"column":3037}},"63":{"start":{"line":66,"column":2320},"end":{"line":66,"column":3036}},"64":{"start":{"line":66,"column":2369},"end":{"line":66,"column":2391}},"65":{"start":{"line":66,"column":2391},"end":{"line":66,"column":2410}},"66":{"start":{"line":66,"column":2410},"end":{"line":66,"column":2474}},"67":{"start":{"line":66,"column":2474},"end":{"line":66,"column":2493}},"68":{"start":{"line":66,"column":2493},"end":{"line":66,"column":2551}},"69":{"start":{"line":66,"column":2558},"end":{"line":66,"column":2584}},"70":{"start":{"line":66,"column":2584},"end":{"line":66,"column":2640}},"71":{"start":{"line":66,"column":2640},"end":{"line":66,"column":2659}},"72":{"start":{"line":66,"column":2659},"end":{"line":66,"column":2740}},"73":{"start":{"line":66,"column":2747},"end":{"line":66,"column":2767}},"74":{"start":{"line":66,"column":2767},"end":{"line":66,"column":2773}},"75":{"start":{"line":66,"column":2781},"end":{"line":66,"column":2801}},"76":{"start":{"line":66,"column":2801},"end":{"line":66,"column":2838}},"77":{"start":{"line":66,"column":2838},"end":{"line":66,"column":2888}},"78":{"start":{"line":66,"column":2888},"end":{"line":66,"column":2908}},"79":{"start":{"line":66,"column":2908},"end":{"line":66,"column":2992}},"80":{"start":{"line":66,"column":3011},"end":{"line":66,"column":3035}},"81":{"start":{"line":66,"column":3075},"end":{"line":66,"column":3113}},"82":{"start":{"line":66,"column":3134},"end":{"line":69,"column":139}},"83":{"start":{"line":66,"column":3198},"end":{"line":69,"column":127}},"84":{"start":{"line":66,"column":3209},"end":{"line":69,"column":126}},"85":{"start":{"line":66,"column":3258},"end":{"line":66,"column":3277}},"86":{"start":{"line":67,"column":10},"end":{"line":67,"column":81}},"87":{"start":{"line":67,"column":88},"end":{"line":67,"column":107}},"88":{"start":{"line":68,"column":10},"end":{"line":68,"column":83}},"89":{"start":{"line":68,"column":90},"end":{"line":68,"column":109}},"90":{"start":{"line":69,"column":10},"end":{"line":69,"column":83}},"91":{"start":{"line":69,"column":101},"end":{"line":69,"column":125}},"92":{"start":{"line":72,"column":0},"end":{"line":72,"column":8}},"93":{"start":{"line":72,"column":9},"end":{"line":72,"column":36}}},"fnMap":{"0":{"name":"getState","decl":{"start":{"line":66,"column":34},"end":{"line":66,"column":42}},"loc":{"start":{"line":66,"column":50},"end":{"line":66,"column":65}},"line":66},"1":{"name":"getPostsSaga","decl":{"start":{"line":66,"column":148},"end":{"line":66,"column":160}},"loc":{"start":{"line":66,"column":167},"end":{"line":66,"column":1133}},"line":66},"2":{"name":"getPostsSaga$","decl":{"start":{"line":66,"column":238},"end":{"line":66,"column":251}},"loc":{"start":{"line":66,"column":262},"end":{"line":66,"column":1099}},"line":66},"3":{"name":"getAlbumsSaga","decl":{"start":{"line":66,"column":1226},"end":{"line":66,"column":1239}},"loc":{"start":{"line":66,"column":1247},"end":{"line":66,"column":2102}},"line":66},"4":{"name":"getAlbumsSaga$","decl":{"start":{"line":66,"column":1311},"end":{"line":66,"column":1325}},"loc":{"start":{"line":66,"column":1337},"end":{"line":66,"column":2067}},"line":66},"5":{"name":"getPhotosSaga","decl":{"start":{"line":66,"column":2197},"end":{"line":66,"column":2210}},"loc":{"start":{"line":66,"column":2218},"end":{"line":66,"column":3073}},"line":66},"6":{"name":"getPhotosSaga$","decl":{"start":{"line":66,"column":2282},"end":{"line":66,"column":2296}},"loc":{"start":{"line":66,"column":2308},"end":{"line":66,"column":3038}},"line":66},"7":{"name":"mainSaga","decl":{"start":{"line":66,"column":3122},"end":{"line":66,"column":3130}},"loc":{"start":{"line":66,"column":3133},"end":{"line":69,"column":140}},"line":66},"8":{"name":"mainSaga$","decl":{"start":{"line":66,"column":3176},"end":{"line":66,"column":3185}},"loc":{"start":{"line":66,"column":3197},"end":{"line":69,"column":128}},"line":66}},"branchMap":{"0":{"loc":{"start":{"line":66,"column":274},"end":{"line":66,"column":1097}},"type":"switch","locations":[{"start":{"line":66,"column":314},"end":{"line":66,"column":398}},{"start":{"line":66,"column":398},"end":{"line":66,"column":622}},{"start":{"line":66,"column":622},"end":{"line":66,"column":809}},{"start":{"line":66,"column":809},"end":{"line":66,"column":842}},{"start":{"line":66,"column":842},"end":{"line":66,"column":1054}},{"start":{"line":66,"column":1054},"end":{"line":66,"column":1062}},{"start":{"line":66,"column":1062},"end":{"line":66,"column":1096}}],"line":66},"1":{"loc":{"start":{"line":66,"column":1349},"end":{"line":66,"column":2065}},"type":"switch","locations":[{"start":{"line":66,"column":1391},"end":{"line":66,"column":1580}},{"start":{"line":66,"column":1580},"end":{"line":66,"column":1769}},{"start":{"line":66,"column":1769},"end":{"line":66,"column":1802}},{"start":{"line":66,"column":1802},"end":{"line":66,"column":2021}},{"start":{"line":66,"column":2021},"end":{"line":66,"column":2029}},{"start":{"line":66,"column":2029},"end":{"line":66,"column":2064}}],"line":66},"2":{"loc":{"start":{"line":66,"column":2320},"end":{"line":66,"column":3036}},"type":"switch","locations":[{"start":{"line":66,"column":2362},"end":{"line":66,"column":2551}},{"start":{"line":66,"column":2551},"end":{"line":66,"column":2740}},{"start":{"line":66,"column":2740},"end":{"line":66,"column":2773}},{"start":{"line":66,"column":2773},"end":{"line":66,"column":2992}},{"start":{"line":66,"column":2992},"end":{"line":66,"column":3000}},{"start":{"line":66,"column":3000},"end":{"line":66,"column":3035}}],"line":66},"3":{"loc":{"start":{"line":66,"column":3209},"end":{"line":69,"column":126}},"type":"switch","locations":[{"start":{"line":66,"column":3251},"end":{"line":67,"column":81}},{"start":{"line":67,"column":81},"end":{"line":68,"column":83}},{"start":{"line":68,"column":83},"end":{"line":69,"column":83}},{"start":{"line":69,"column":83},"end":{"line":69,"column":90}},{"start":{"line":69,"column":90},"end":{"line":69,"column":125}}],"line":66}},"s":{"0":1,"1":1,"2":1,"3":1,"4":1,"5":1,"6":1,"7":1,"8":1,"9":1,"10":3,"11":1,"12":1,"13":2,"14":8,"15":9,"16":2,"17":2,"18":2,"19":2,"20":2,"21":2,"22":2,"23":2,"24":2,"25":1,"26":1,"27":1,"28":1,"29":1,"30":1,"31":1,"32":1,"33":1,"34":1,"35":1,"36":2,"37":1,"38":1,"39":0,"40":0,"41":0,"42":0,"43":0,"44":0,"45":0,"46":0,"47":0,"48":0,"49":0,"50":0,"51":0,"52":0,"53":0,"54":0,"55":0,"56":0,"57":0,"58":0,"59":1,"60":1,"61":0,"62":0,"63":0,"64":0,"65":0,"66":0,"67":0,"68":0,"69":0,"70":0,"71":0,"72":0,"73":0,"74":0,"75":0,"76":0,"77":0,"78":0,"79":0,"80":0,"81":1,"82":0,"83":0,"84":0,"85":0,"86":0,"87":0,"88":0,"89":0,"90":0,"91":0,"92":1,"93":1},"f":{"0":3,"1":2,"2":8,"3":0,"4":0,"5":0,"6":0,"7":0,"8":0},"b":{"0":[2,2,1,1,1,2,2],"1":[0,0,0,0,0,0],"2":[0,0,0,0,0,0],"3":[0,0,0,0,0]},"_coverageSchema":"1a1c01bbd47fc00a2c39e90264f33305004495a9","hash":"0348e3af547a8d311a5d6d73cbdc0603bccc636c"}
,"/Volumes/DATA/workingProjects/Demo/RNunittesting/src/Screen/Welcome.js": {"path":"/Volumes/DATA/workingProjects/Demo/RNunittesting/src/Screen/Welcome.js","statementMap":{"0":{"start":{"line":1,"column":42},"end":{"line":1,"column":97}},"1":{"start":{"line":1,"column":98},"end":{"line":1,"column":160}},"2":{"start":{"line":1,"column":160},"end":{"line":1,"column":185}},"3":{"start":{"line":1,"column":208},"end":{"line":1,"column":280}},"4":{"start":{"line":1,"column":301},"end":{"line":1,"column":370}},"5":{"start":{"line":1,"column":405},"end":{"line":1,"column":488}},"6":{"start":{"line":1,"column":512},"end":{"line":1,"column":584}},"7":{"start":{"line":1,"column":602},"end":{"line":1,"column":668}},"8":{"start":{"line":2,"column":13},"end":{"line":2,"column":53}},"9":{"start":{"line":3,"column":19},"end":{"line":3,"column":42}},"10":{"start":{"line":6,"column":14},"end":{"line":6,"column":69}},"11":{"start":{"line":7,"column":20},"end":{"line":7,"column":46}},"12":{"start":{"line":7,"column":66},"end":{"line":7,"column":138}},"13":{"start":{"line":10,"column":10},"end":{"line":46,"column":52}},"14":{"start":{"line":10,"column":39},"end":{"line":10,"column":90}},"15":{"start":{"line":11,"column":37},"end":{"line":11,"column":82}},"16":{"start":{"line":12,"column":4},"end":{"line":12,"column":117}},"17":{"start":{"line":12,"column":117},"end":{"line":17,"column":25}},"18":{"start":{"line":17,"column":25},"end":{"line":17,"column":38}},"19":{"start":{"line":17,"column":39},"end":{"line":46,"column":10}},"20":{"start":{"line":22,"column":6},"end":{"line":22,"column":38}},"21":{"start":{"line":23,"column":6},"end":{"line":23,"column":30}},"22":{"start":{"line":27,"column":18},"end":{"line":27,"column":22}},"23":{"start":{"line":28,"column":6},"end":{"line":42,"column":72}},"24":{"start":{"line":30,"column":99},"end":{"line":30,"column":143}},"25":{"start":{"line":41,"column":12},"end":{"line":41,"column":49}},"26":{"start":{"line":46,"column":10},"end":{"line":46,"column":25}},"27":{"start":{"line":46,"column":53},"end":{"line":46,"column":79}},"28":{"start":{"line":49,"column":0},"end":{"line":50,"column":26}},"29":{"start":{"line":53,"column":13},"end":{"line":69,"column":28}}},"fnMap":{"0":{"name":"(anonymous_0)","decl":{"start":{"line":10,"column":10},"end":{"line":10,"column":11}},"loc":{"start":{"line":10,"column":38},"end":{"line":46,"column":26}},"line":10},"1":{"name":"Welcome","decl":{"start":{"line":11,"column":11},"end":{"line":11,"column":18}},"loc":{"start":{"line":11,"column":26},"end":{"line":17,"column":39}},"line":11},"2":{"name":"changeTitle","decl":{"start":{"line":17,"column":114},"end":{"line":17,"column":125}},"loc":{"start":{"line":21,"column":11},"end":{"line":24,"column":5}},"line":21},"3":{"name":"render","decl":{"start":{"line":24,"column":42},"end":{"line":24,"column":48}},"loc":{"start":{"line":27,"column":4},"end":{"line":46,"column":5}},"line":27},"4":{"name":"onPress","decl":{"start":{"line":30,"column":88},"end":{"line":30,"column":95}},"loc":{"start":{"line":30,"column":98},"end":{"line":30,"column":144}},"line":30},"5":{"name":"onPress","decl":{"start":{"line":40,"column":89},"end":{"line":40,"column":96}},"loc":{"start":{"line":40,"column":99},"end":{"line":42,"column":11}},"line":40}},"branchMap":{},"s":{"0":1,"1":1,"2":1,"3":1,"4":1,"5":1,"6":1,"7":1,"8":1,"9":1,"10":1,"11":1,"12":1,"13":1,"14":1,"15":1,"16":1,"17":1,"18":1,"19":1,"20":1,"21":1,"22":2,"23":2,"24":0,"25":0,"26":1,"27":1,"28":1,"29":1},"f":{"0":1,"1":1,"2":1,"3":2,"4":0,"5":0},"b":{},"_coverageSchema":"1a1c01bbd47fc00a2c39e90264f33305004495a9","hash":"236b7a219c5fc4487f202ac8aae6c61cee899db3"}
,"/Volumes/DATA/workingProjects/Demo/RNunittesting/src/Services/Api.js": {"path":"/Volumes/DATA/workingProjects/Demo/RNunittesting/src/Services/Api.js","statementMap":{"0":{"start":{"line":1,"column":42},"end":{"line":1,"column":97}},"1":{"start":{"line":1,"column":98},"end":{"line":1,"column":160}},"2":{"start":{"line":1,"column":160},"end":{"line":1,"column":185}},"3":{"start":{"line":1,"column":204},"end":{"line":1,"column":265}},"4":{"start":{"line":1,"column":281},"end":{"line":1,"column":319}},"5":{"start":{"line":3,"column":0},"end":{"line":25,"column":127}},"6":{"start":{"line":4,"column":39},"end":{"line":9,"column":123}},"7":{"start":{"line":4,"column":103},"end":{"line":9,"column":93}},"8":{"start":{"line":4,"column":114},"end":{"line":9,"column":92}},"9":{"start":{"line":4,"column":161},"end":{"line":9,"column":50}},"10":{"start":{"line":8,"column":38},"end":{"line":8,"column":61}},"11":{"start":{"line":9,"column":34},"end":{"line":9,"column":46}},"12":{"start":{"line":9,"column":68},"end":{"line":9,"column":91}},"13":{"start":{"line":12,"column":41},"end":{"line":17,"column":124}},"14":{"start":{"line":12,"column":107},"end":{"line":17,"column":94}},"15":{"start":{"line":12,"column":118},"end":{"line":17,"column":93}},"16":{"start":{"line":12,"column":167},"end":{"line":17,"column":50}},"17":{"start":{"line":16,"column":38},"end":{"line":16,"column":61}},"18":{"start":{"line":17,"column":34},"end":{"line":17,"column":46}},"19":{"start":{"line":17,"column":68},"end":{"line":17,"column":92}},"20":{"start":{"line":20,"column":41},"end":{"line":25,"column":124}},"21":{"start":{"line":20,"column":107},"end":{"line":25,"column":94}},"22":{"start":{"line":20,"column":118},"end":{"line":25,"column":93}},"23":{"start":{"line":20,"column":167},"end":{"line":25,"column":50}},"24":{"start":{"line":24,"column":38},"end":{"line":24,"column":61}},"25":{"start":{"line":25,"column":34},"end":{"line":25,"column":46}},"26":{"start":{"line":25,"column":68},"end":{"line":25,"column":92}},"27":{"start":{"line":25,"column":128},"end":{"line":25,"column":155}}},"fnMap":{"0":{"name":"getPosts","decl":{"start":{"line":4,"column":21},"end":{"line":4,"column":29}},"loc":{"start":{"line":4,"column":38},"end":{"line":9,"column":124}},"line":4},"1":{"name":"getPosts$","decl":{"start":{"line":4,"column":82},"end":{"line":4,"column":91}},"loc":{"start":{"line":4,"column":102},"end":{"line":9,"column":94}},"line":4},"2":{"name":"(anonymous_2)","decl":{"start":{"line":8,"column":17},"end":{"line":8,"column":18}},"loc":{"start":{"line":8,"column":37},"end":{"line":8,"column":62}},"line":8},"3":{"name":"(anonymous_3)","decl":{"start":{"line":9,"column":17},"end":{"line":9,"column":18}},"loc":{"start":{"line":9,"column":33},"end":{"line":9,"column":47}},"line":9},"4":{"name":"getAlbums","decl":{"start":{"line":12,"column":22},"end":{"line":12,"column":31}},"loc":{"start":{"line":12,"column":40},"end":{"line":17,"column":125}},"line":12},"5":{"name":"getAlbums$","decl":{"start":{"line":12,"column":84},"end":{"line":12,"column":94}},"loc":{"start":{"line":12,"column":106},"end":{"line":17,"column":95}},"line":12},"6":{"name":"(anonymous_6)","decl":{"start":{"line":16,"column":17},"end":{"line":16,"column":18}},"loc":{"start":{"line":16,"column":37},"end":{"line":16,"column":62}},"line":16},"7":{"name":"(anonymous_7)","decl":{"start":{"line":17,"column":17},"end":{"line":17,"column":18}},"loc":{"start":{"line":17,"column":33},"end":{"line":17,"column":47}},"line":17},"8":{"name":"getPhotos","decl":{"start":{"line":20,"column":22},"end":{"line":20,"column":31}},"loc":{"start":{"line":20,"column":40},"end":{"line":25,"column":125}},"line":20},"9":{"name":"getPhotos$","decl":{"start":{"line":20,"column":84},"end":{"line":20,"column":94}},"loc":{"start":{"line":20,"column":106},"end":{"line":25,"column":95}},"line":20},"10":{"name":"(anonymous_10)","decl":{"start":{"line":24,"column":17},"end":{"line":24,"column":18}},"loc":{"start":{"line":24,"column":37},"end":{"line":24,"column":62}},"line":24},"11":{"name":"(anonymous_11)","decl":{"start":{"line":25,"column":17},"end":{"line":25,"column":18}},"loc":{"start":{"line":25,"column":33},"end":{"line":25,"column":47}},"line":25}},"branchMap":{"0":{"loc":{"start":{"line":4,"column":114},"end":{"line":9,"column":92}},"type":"switch","locations":[{"start":{"line":4,"column":154},"end":{"line":9,"column":50}},{"start":{"line":9,"column":50},"end":{"line":9,"column":57}},{"start":{"line":9,"column":57},"end":{"line":9,"column":91}}],"line":4},"1":{"loc":{"start":{"line":12,"column":118},"end":{"line":17,"column":93}},"type":"switch","locations":[{"start":{"line":12,"column":160},"end":{"line":17,"column":50}},{"start":{"line":17,"column":50},"end":{"line":17,"column":57}},{"start":{"line":17,"column":57},"end":{"line":17,"column":92}}],"line":12},"2":{"loc":{"start":{"line":20,"column":118},"end":{"line":25,"column":93}},"type":"switch","locations":[{"start":{"line":20,"column":160},"end":{"line":25,"column":50}},{"start":{"line":25,"column":50},"end":{"line":25,"column":57}},{"start":{"line":25,"column":57},"end":{"line":25,"column":92}}],"line":20}},"s":{"0":1,"1":1,"2":1,"3":1,"4":1,"5":1,"6":0,"7":0,"8":0,"9":0,"10":0,"11":0,"12":0,"13":0,"14":0,"15":0,"16":0,"17":0,"18":0,"19":0,"20":0,"21":0,"22":0,"23":0,"24":0,"25":0,"26":0,"27":1},"f":{"0":0,"1":0,"2":0,"3":0,"4":0,"5":0,"6":0,"7":0,"8":0,"9":0,"10":0,"11":0},"b":{"0":[0,0,0],"1":[0,0,0],"2":[0,0,0]},"_coverageSchema":"1a1c01bbd47fc00a2c39e90264f33305004495a9","hash":"54bd227452483d9963d15fbdd6257ee9223bf6f3"}
}
