TN:
SF:src/CommonConfig/AppStyle.js
FNF:0
FNH:0
DA:1,3
DA:3,3
DA:22,3
LF:3
LH:3
BRF:0
BRH:0
end_of_record
TN:
SF:src/CommonConfig/Colors.js
FNF:0
FNH:0
DA:1,3
DA:31,3
LF:2
LH:2
BRF:0
BRH:0
end_of_record
TN:
SF:src/CommonConfig/ImagePath.js
FNF:0
FNH:0
DA:1,3
DA:11,3
LF:2
LH:2
BRF:0
BRH:0
end_of_record
TN:
SF:src/CommonConfig/Matrics.js
FN:1,get
FN:9,Scale
FNF:2
FNH:2
FNDA:3,get
FNDA:33,Scale
DA:1,3
DA:2,3
DA:4,3
DA:6,3
DA:7,3
DA:9,3
DA:10,33
DA:13,3
LF:8
LH:8
BRDA:6,0,0,3
BRDA:6,0,1,0
BRDA:7,1,0,3
BRDA:7,1,1,0
BRF:4
BRH:2
end_of_record
TN:
SF:src/CommonConfig/index.js
FN:1,get
FN:1,get
FN:1,get
FN:1,get
FNF:4
FNH:3
FNDA:19,get
FNDA:33,get
FNDA:2,get
FNDA:0,get
DA:1,33
DA:2,3
DA:3,3
DA:4,3
DA:6,3
DA:9,3
LF:6
LH:6
BRF:0
BRH:0
end_of_record
TN:
SF:src/CommonConfig/Helpers/functions.js
FN:28,isIPhoneX
FN:33,scale
FNF:2
FNH:2
FNDA:3,isIPhoneX
FNDA:33,scale
DA:1,3
DA:5,3
DA:8,3
DA:11,3
DA:20,3
DA:23,3
DA:24,3
DA:26,3
DA:27,3
DA:28,3
DA:33,33
DA:34,3
DA:37,3
DA:40,3
LF:14
LH:14
BRDA:20,0,0,0
BRDA:20,0,1,3
BRDA:28,1,0,3
BRDA:28,1,1,0
BRDA:28,2,0,3
BRDA:28,2,1,3
BRDA:28,2,2,3
BRDA:29,3,0,3
BRDA:29,3,1,0
BRDA:29,3,2,3
BRDA:29,3,3,0
BRDA:35,4,0,0
BRDA:35,4,1,3
BRF:13
BRH:8
end_of_record
TN:
SF:src/Components/Button.js
FN:6,Button
FNF:1
FNH:1
FNDA:10,Button
DA:1,2
DA:2,2
DA:4,2
DA:6,10
DA:8,10
DA:15,2
DA:36,2
LF:7
LH:7
BRDA:9,0,0,3
BRDA:9,0,1,7
BRF:2
BRH:2
end_of_record
TN:
SF:src/Components/Item/ItemPost.js
FN:6,ItemPost
FNF:1
FNH:1
FNDA:2,ItemPost
DA:1,1
DA:2,1
DA:4,1
DA:6,2
DA:7,2
DA:13,1
DA:35,1
LF:7
LH:7
BRDA:8,0,0,0
BRDA:8,0,1,2
BRDA:9,1,0,0
BRDA:9,1,1,2
BRF:4
BRH:2
end_of_record
TN:
SF:src/Redux/Types.js
FNF:0
FNH:0
DA:1,2
DA:2,2
DA:3,2
DA:5,2
DA:6,2
DA:7,2
DA:9,2
DA:10,2
DA:11,2
LF:9
LH:9
BRF:0
BRH:0
end_of_record
TN:
SF:src/Redux/Actions/MainAction.js
FN:7,getPostsRequest
FN:15,getAlbumsRequest
FN:23,getPhotosRequest
FNF:3
FNH:3
FNDA:1,getPostsRequest
FNDA:1,getAlbumsRequest
FNDA:1,getPhotosRequest
DA:1,1
DA:7,1
DA:8,1
DA:9,1
DA:13,1
DA:15,1
DA:16,1
DA:17,1
DA:21,1
DA:23,1
DA:24,1
DA:25,1
DA:29,1
LF:13
LH:13
BRF:0
BRH:0
end_of_record
TN:
SF:src/Redux/Actions/index.js
FN:1,(anonymous_0)
FN:1,get
FNF:2
FNH:2
FNDA:3,(anonymous_0)
FNDA:3,get
DA:1,3
LF:1
LH:1
BRDA:1,0,0,0
BRDA:1,0,1,3
BRDA:1,1,0,3
BRDA:1,1,1,3
BRF:4
BRH:3
end_of_record
TN:
SF:src/Redux/Sagas/MainSaga.js
FN:66,getState
FN:66,getPostsSaga
FN:66,getPostsSaga$
FN:66,getAlbumsSaga
FN:66,getAlbumsSaga$
FN:66,getPhotosSaga
FN:66,getPhotosSaga$
FN:66,mainSaga
FN:66,mainSaga$
FNF:9
FNH:3
FNDA:3,getState
FNDA:2,getPostsSaga
FNDA:8,getPostsSaga$
FNDA:0,getAlbumsSaga
FNDA:0,getAlbumsSaga$
FNDA:0,getPhotosSaga
FNDA:0,getPhotosSaga$
FNDA:0,mainSaga
FNDA:0,mainSaga$
DA:1,1
DA:2,1
DA:4,1
DA:66,9
DA:67,0
DA:68,0
DA:69,0
DA:72,1
LF:8
LH:5
BRDA:66,0,0,2
BRDA:66,0,1,2
BRDA:66,0,2,1
BRDA:66,0,3,1
BRDA:66,0,4,1
BRDA:66,0,5,2
BRDA:66,0,6,2
BRDA:66,1,0,0
BRDA:66,1,1,0
BRDA:66,1,2,0
BRDA:66,1,3,0
BRDA:66,1,4,0
BRDA:66,1,5,0
BRDA:66,2,0,0
BRDA:66,2,1,0
BRDA:66,2,2,0
BRDA:66,2,3,0
BRDA:66,2,4,0
BRDA:66,2,5,0
BRDA:66,3,0,0
BRDA:66,3,1,0
BRDA:66,3,2,0
BRDA:66,3,3,0
BRDA:66,3,4,0
BRF:24
BRH:7
end_of_record
TN:
SF:src/Screen/Welcome.js
FN:10,(anonymous_0)
FN:11,Welcome
FN:17,changeTitle
FN:24,render
FN:30,onPress
FN:40,onPress
FNF:6
FNH:4
FNDA:1,(anonymous_0)
FNDA:1,Welcome
FNDA:1,changeTitle
FNDA:2,render
FNDA:0,onPress
FNDA:0,onPress
DA:1,1
DA:2,1
DA:3,1
DA:6,1
DA:7,1
DA:10,1
DA:11,1
DA:12,1
DA:17,1
DA:22,1
DA:23,1
DA:27,2
DA:28,2
DA:30,0
DA:41,0
DA:46,1
DA:49,1
DA:53,1
LF:18
LH:16
BRF:0
BRH:0
end_of_record
TN:
SF:src/Services/Api.js
FN:4,getPosts
FN:4,getPosts$
FN:8,(anonymous_2)
FN:9,(anonymous_3)
FN:12,getAlbums
FN:12,getAlbums$
FN:16,(anonymous_6)
FN:17,(anonymous_7)
FN:20,getPhotos
FN:20,getPhotos$
FN:24,(anonymous_10)
FN:25,(anonymous_11)
FNF:12
FNH:0
FNDA:0,getPosts
FNDA:0,getPosts$
FNDA:0,(anonymous_2)
FNDA:0,(anonymous_3)
FNDA:0,getAlbums
FNDA:0,getAlbums$
FNDA:0,(anonymous_6)
FNDA:0,(anonymous_7)
FNDA:0,getPhotos
FNDA:0,getPhotos$
FNDA:0,(anonymous_10)
FNDA:0,(anonymous_11)
DA:1,1
DA:3,1
DA:4,0
DA:8,0
DA:9,0
DA:12,0
DA:16,0
DA:17,0
DA:20,0
DA:24,0
DA:25,1
LF:11
LH:3
BRDA:4,0,0,0
BRDA:4,0,1,0
BRDA:4,0,2,0
BRDA:12,1,0,0
BRDA:12,1,1,0
BRDA:12,1,2,0
BRDA:20,2,0,0
BRDA:20,2,1,0
BRDA:20,2,2,0
BRF:9
BRH:0
end_of_record
